[2025-04-11 11:49:01,620] multiqc                                            [DEBUG  ]  This is MultiQC v1.12
[2025-04-11 11:49:01,621] multiqc                                            [DEBUG  ]  No MultiQC config found: /modules/uri_apps/software/MultiQC/1.12-foss-2021b/lib/python3.9/site-packages/multiqc_config.yaml
[2025-04-11 11:49:01,622] multiqc                                            [DEBUG  ]  No MultiQC config found: /home/zdellaert_uri_edu/.multiqc_config.yaml
[2025-04-11 11:49:01,622] multiqc                                            [DEBUG  ]  No MultiQC config found: multiqc_config.yaml
[2025-04-11 11:49:01,622] multiqc                                            [DEBUG  ]  Command used: /modules/uri_apps/software/MultiQC/1.12-foss-2021b/bin/multiqc trimmed_POC-47-TP2_S13_R1_001_fastqc.html trimmed_POC-47-TP2_S13_R1_001_fastqc.zip trimmed_POC-47-TP2_S13_R2_001_fastqc.html trimmed_POC-47-TP2_S13_R2_001_fastqc.zip trimmed_POC-48-TP2_S11_R1_001_fastqc.html trimmed_POC-48-TP2_S11_R1_001_fastqc.zip trimmed_POC-48-TP2_S11_R2_001_fastqc.html trimmed_POC-48-TP2_S11_R2_001_fastqc.zip trimmed_POC-50-TP2_S14_R1_001_fastqc.html trimmed_POC-50-TP2_S14_R1_001_fastqc.zip trimmed_POC-50-TP2_S14_R2_001_fastqc.html trimmed_POC-50-TP2_S14_R2_001_fastqc.zip trimmed_POC-53-TP2_S15_R1_001_fastqc.html trimmed_POC-53-TP2_S15_R1_001_fastqc.zip trimmed_POC-53-TP2_S15_R2_001_fastqc.html trimmed_POC-53-TP2_S15_R2_001_fastqc.zip trimmed_POC-57-TP2_S12_R1_001_fastqc.html trimmed_POC-57-TP2_S12_R1_001_fastqc.zip trimmed_POC-57-TP2_S12_R2_001_fastqc.html trimmed_POC-57-TP2_S12_R2_001_fastqc.zip
[2025-04-11 11:49:02,176] multiqc                                            [WARNING]  MultiQC Version v1.28 now available!
[2025-04-11 11:49:02,176] multiqc                                            [DEBUG  ]  Command     : /modules/uri_apps/software/MultiQC/1.12-foss-2021b/bin/multiqc trimmed_POC-47-TP2_S13_R1_001_fastqc.html trimmed_POC-47-TP2_S13_R1_001_fastqc.zip trimmed_POC-47-TP2_S13_R2_001_fastqc.html trimmed_POC-47-TP2_S13_R2_001_fastqc.zip trimmed_POC-48-TP2_S11_R1_001_fastqc.html trimmed_POC-48-TP2_S11_R1_001_fastqc.zip trimmed_POC-48-TP2_S11_R2_001_fastqc.html trimmed_POC-48-TP2_S11_R2_001_fastqc.zip trimmed_POC-50-TP2_S14_R1_001_fastqc.html trimmed_POC-50-TP2_S14_R1_001_fastqc.zip trimmed_POC-50-TP2_S14_R2_001_fastqc.html trimmed_POC-50-TP2_S14_R2_001_fastqc.zip trimmed_POC-53-TP2_S15_R1_001_fastqc.html trimmed_POC-53-TP2_S15_R1_001_fastqc.zip trimmed_POC-53-TP2_S15_R2_001_fastqc.html trimmed_POC-53-TP2_S15_R2_001_fastqc.zip trimmed_POC-57-TP2_S12_R1_001_fastqc.html trimmed_POC-57-TP2_S12_R1_001_fastqc.zip trimmed_POC-57-TP2_S12_R2_001_fastqc.html trimmed_POC-57-TP2_S12_R2_001_fastqc.zip
[2025-04-11 11:49:02,176] multiqc                                            [DEBUG  ]  Working dir : /scratch3/workspace/zdellaert_uri_edu-deep_dive/deep-dive-expression/F-Ptuh/output/01.00-F-Ptuh-WGBS-trimming-cutadapt-FastQC-MultiQC/trimmed_qc
[2025-04-11 11:49:02,176] multiqc                                            [DEBUG  ]  Template    : default
[2025-04-11 11:49:02,176] multiqc                                            [DEBUG  ]  Running Python 3.9.6 (default, Nov 15 2024, 16:57:16)  [GCC 11.2.0]
[2025-04-11 11:49:02,177] multiqc                                            [DEBUG  ]  Analysing modules: custom_content, ccs, ngsderive, purple, conpair, lima, peddy, somalier, methylQA, mosdepth, phantompeakqualtools, qualimap, preseq, quast, qorts, rna_seqc, rockhopper, rsem, rseqc, busco, bustools, goleft_indexcov, gffcompare, disambiguate, supernova, deeptools, sargasso, verifybamid, mirtrace, happy, mirtop, sambamba, homer, hops, macs2, theta2, snpeff, gatk, htseq, bcftools, featureCounts, fgbio, dragen, dedup, pbmarkdup, damageprofiler, biobambam2, jcvi, mtnucratio, picard, vep, sentieon, prokka, qc3C, nanostat, samblaster, samtools, sexdeterrmine, eigenstratdatabasetools, bamtools, jellyfish, vcftools, longranger, stacks, varscan2, snippy, bbmap, bismark, biscuit, hicexplorer, hicup, hicpro, salmon, kallisto, slamdunk, star, hisat2, tophat, bowtie2, bowtie1, snpsplit, odgi, pangolin, kat, leehom, adapterRemoval, clipandmerge, cutadapt, flexbar, kaiju, kraken, malt, trimmomatic, sickle, skewer, sortmerna, biobloomtools, fastq_screen, afterqc, fastp, fastqc, pychopper, pycoqc, minionqc, multivcfanalyzer, clusterflow, checkqc, bcl2fastq, bclconvert, interop, ivar, flash, seqyclean, optitype, whatshap
[2025-04-11 11:49:02,177] multiqc                                            [DEBUG  ]  Using temporary directory for creating report: /tmp/tmp_rq_6wlg
[2025-04-11 11:49:02,403] multiqc                                            [INFO   ]  Search path : /scratch3/workspace/zdellaert_uri_edu-deep_dive/deep-dive-expression/F-Ptuh/output/01.00-F-Ptuh-WGBS-trimming-cutadapt-FastQC-MultiQC/trimmed_qc/trimmed_POC-47-TP2_S13_R1_001_fastqc.html
[2025-04-11 11:49:02,403] multiqc                                            [INFO   ]  Search path : /scratch3/workspace/zdellaert_uri_edu-deep_dive/deep-dive-expression/F-Ptuh/output/01.00-F-Ptuh-WGBS-trimming-cutadapt-FastQC-MultiQC/trimmed_qc/trimmed_POC-47-TP2_S13_R1_001_fastqc.zip
[2025-04-11 11:49:02,403] multiqc                                            [INFO   ]  Search path : /scratch3/workspace/zdellaert_uri_edu-deep_dive/deep-dive-expression/F-Ptuh/output/01.00-F-Ptuh-WGBS-trimming-cutadapt-FastQC-MultiQC/trimmed_qc/trimmed_POC-47-TP2_S13_R2_001_fastqc.html
[2025-04-11 11:49:02,404] multiqc                                            [INFO   ]  Search path : /scratch3/workspace/zdellaert_uri_edu-deep_dive/deep-dive-expression/F-Ptuh/output/01.00-F-Ptuh-WGBS-trimming-cutadapt-FastQC-MultiQC/trimmed_qc/trimmed_POC-47-TP2_S13_R2_001_fastqc.zip
[2025-04-11 11:49:02,404] multiqc                                            [INFO   ]  Search path : /scratch3/workspace/zdellaert_uri_edu-deep_dive/deep-dive-expression/F-Ptuh/output/01.00-F-Ptuh-WGBS-trimming-cutadapt-FastQC-MultiQC/trimmed_qc/trimmed_POC-48-TP2_S11_R1_001_fastqc.html
[2025-04-11 11:49:02,404] multiqc                                            [INFO   ]  Search path : /scratch3/workspace/zdellaert_uri_edu-deep_dive/deep-dive-expression/F-Ptuh/output/01.00-F-Ptuh-WGBS-trimming-cutadapt-FastQC-MultiQC/trimmed_qc/trimmed_POC-48-TP2_S11_R1_001_fastqc.zip
[2025-04-11 11:49:02,404] multiqc                                            [INFO   ]  Search path : /scratch3/workspace/zdellaert_uri_edu-deep_dive/deep-dive-expression/F-Ptuh/output/01.00-F-Ptuh-WGBS-trimming-cutadapt-FastQC-MultiQC/trimmed_qc/trimmed_POC-48-TP2_S11_R2_001_fastqc.html
[2025-04-11 11:49:02,404] multiqc                                            [INFO   ]  Search path : /scratch3/workspace/zdellaert_uri_edu-deep_dive/deep-dive-expression/F-Ptuh/output/01.00-F-Ptuh-WGBS-trimming-cutadapt-FastQC-MultiQC/trimmed_qc/trimmed_POC-48-TP2_S11_R2_001_fastqc.zip
[2025-04-11 11:49:02,404] multiqc                                            [INFO   ]  Search path : /scratch3/workspace/zdellaert_uri_edu-deep_dive/deep-dive-expression/F-Ptuh/output/01.00-F-Ptuh-WGBS-trimming-cutadapt-FastQC-MultiQC/trimmed_qc/trimmed_POC-50-TP2_S14_R1_001_fastqc.html
[2025-04-11 11:49:02,404] multiqc                                            [INFO   ]  Search path : /scratch3/workspace/zdellaert_uri_edu-deep_dive/deep-dive-expression/F-Ptuh/output/01.00-F-Ptuh-WGBS-trimming-cutadapt-FastQC-MultiQC/trimmed_qc/trimmed_POC-50-TP2_S14_R1_001_fastqc.zip
[2025-04-11 11:49:02,404] multiqc                                            [INFO   ]  Search path : /scratch3/workspace/zdellaert_uri_edu-deep_dive/deep-dive-expression/F-Ptuh/output/01.00-F-Ptuh-WGBS-trimming-cutadapt-FastQC-MultiQC/trimmed_qc/trimmed_POC-50-TP2_S14_R2_001_fastqc.html
[2025-04-11 11:49:02,404] multiqc                                            [INFO   ]  Search path : /scratch3/workspace/zdellaert_uri_edu-deep_dive/deep-dive-expression/F-Ptuh/output/01.00-F-Ptuh-WGBS-trimming-cutadapt-FastQC-MultiQC/trimmed_qc/trimmed_POC-50-TP2_S14_R2_001_fastqc.zip
[2025-04-11 11:49:02,404] multiqc                                            [INFO   ]  Search path : /scratch3/workspace/zdellaert_uri_edu-deep_dive/deep-dive-expression/F-Ptuh/output/01.00-F-Ptuh-WGBS-trimming-cutadapt-FastQC-MultiQC/trimmed_qc/trimmed_POC-53-TP2_S15_R1_001_fastqc.html
[2025-04-11 11:49:02,404] multiqc                                            [INFO   ]  Search path : /scratch3/workspace/zdellaert_uri_edu-deep_dive/deep-dive-expression/F-Ptuh/output/01.00-F-Ptuh-WGBS-trimming-cutadapt-FastQC-MultiQC/trimmed_qc/trimmed_POC-53-TP2_S15_R1_001_fastqc.zip
[2025-04-11 11:49:02,404] multiqc                                            [INFO   ]  Search path : /scratch3/workspace/zdellaert_uri_edu-deep_dive/deep-dive-expression/F-Ptuh/output/01.00-F-Ptuh-WGBS-trimming-cutadapt-FastQC-MultiQC/trimmed_qc/trimmed_POC-53-TP2_S15_R2_001_fastqc.html
[2025-04-11 11:49:02,404] multiqc                                            [INFO   ]  Search path : /scratch3/workspace/zdellaert_uri_edu-deep_dive/deep-dive-expression/F-Ptuh/output/01.00-F-Ptuh-WGBS-trimming-cutadapt-FastQC-MultiQC/trimmed_qc/trimmed_POC-53-TP2_S15_R2_001_fastqc.zip
[2025-04-11 11:49:02,404] multiqc                                            [INFO   ]  Search path : /scratch3/workspace/zdellaert_uri_edu-deep_dive/deep-dive-expression/F-Ptuh/output/01.00-F-Ptuh-WGBS-trimming-cutadapt-FastQC-MultiQC/trimmed_qc/trimmed_POC-57-TP2_S12_R1_001_fastqc.html
[2025-04-11 11:49:02,404] multiqc                                            [INFO   ]  Search path : /scratch3/workspace/zdellaert_uri_edu-deep_dive/deep-dive-expression/F-Ptuh/output/01.00-F-Ptuh-WGBS-trimming-cutadapt-FastQC-MultiQC/trimmed_qc/trimmed_POC-57-TP2_S12_R1_001_fastqc.zip
[2025-04-11 11:49:02,404] multiqc                                            [INFO   ]  Search path : /scratch3/workspace/zdellaert_uri_edu-deep_dive/deep-dive-expression/F-Ptuh/output/01.00-F-Ptuh-WGBS-trimming-cutadapt-FastQC-MultiQC/trimmed_qc/trimmed_POC-57-TP2_S12_R2_001_fastqc.html
[2025-04-11 11:49:02,404] multiqc                                            [INFO   ]  Search path : /scratch3/workspace/zdellaert_uri_edu-deep_dive/deep-dive-expression/F-Ptuh/output/01.00-F-Ptuh-WGBS-trimming-cutadapt-FastQC-MultiQC/trimmed_qc/trimmed_POC-57-TP2_S12_R2_001_fastqc.zip
[2025-04-11 11:49:02,430] multiqc                                            [DEBUG  ]  File ignored by ccs/v4 because it exceeded search pattern filesize limit: trimmed_POC-47-TP2_S13_R1_001_fastqc.html
[2025-04-11 11:49:02,431] multiqc                                            [DEBUG  ]  File ignored by hicexplorer because it exceeded search pattern filesize limit: trimmed_POC-47-TP2_S13_R1_001_fastqc.html
[2025-04-11 11:49:02,431] multiqc                                            [DEBUG  ]  File ignored by lima/summary because it exceeded search pattern filesize limit: trimmed_POC-47-TP2_S13_R1_001_fastqc.html
[2025-04-11 11:49:02,434] multiqc                                            [DEBUG  ]  File ignored by vep/vep_txt because it exceeded search pattern filesize limit: trimmed_POC-47-TP2_S13_R1_001_fastqc.html
[2025-04-11 11:49:02,434] multiqc                                            [DEBUG  ]  File ignored by longranger/invocation because it exceeded search pattern filesize limit: trimmed_POC-47-TP2_S13_R1_001_fastqc.html
[2025-04-11 11:49:02,434] multiqc                                            [DEBUG  ]  File ignored by rockhopper because it exceeded search pattern filesize limit: trimmed_POC-47-TP2_S13_R1_001_fastqc.html
[2025-04-11 11:49:02,434] multiqc                                            [DEBUG  ]  File ignored by rseqc/bam_stat because it exceeded search pattern filesize limit: trimmed_POC-47-TP2_S13_R1_001_fastqc.html
[2025-04-11 11:49:02,435] multiqc                                            [DEBUG  ]  File ignored by rseqc/junction_annotation because it exceeded search pattern filesize limit: trimmed_POC-47-TP2_S13_R1_001_fastqc.html
[2025-04-11 11:49:02,435] multiqc                                            [DEBUG  ]  File ignored by rseqc/read_distribution because it exceeded search pattern filesize limit: trimmed_POC-47-TP2_S13_R1_001_fastqc.html
[2025-04-11 11:49:02,435] multiqc                                            [DEBUG  ]  File ignored by rseqc/infer_experiment because it exceeded search pattern filesize limit: trimmed_POC-47-TP2_S13_R1_001_fastqc.html
[2025-04-11 11:49:02,462] multiqc                                            [DEBUG  ]  File ignored by nanostat because it exceeded search pattern filesize limit: trimmed_POC-47-TP2_S13_R1_001_fastqc.html
[2025-04-11 11:49:02,468] multiqc                                            [DEBUG  ]  File ignored by ccs/v4 because it exceeded search pattern filesize limit: trimmed_POC-47-TP2_S13_R2_001_fastqc.html
[2025-04-11 11:49:02,469] multiqc                                            [DEBUG  ]  File ignored by hicexplorer because it exceeded search pattern filesize limit: trimmed_POC-47-TP2_S13_R2_001_fastqc.html
[2025-04-11 11:49:02,469] multiqc                                            [DEBUG  ]  File ignored by lima/summary because it exceeded search pattern filesize limit: trimmed_POC-47-TP2_S13_R2_001_fastqc.html
[2025-04-11 11:49:02,471] multiqc                                            [DEBUG  ]  File ignored by vep/vep_txt because it exceeded search pattern filesize limit: trimmed_POC-47-TP2_S13_R2_001_fastqc.html
[2025-04-11 11:49:02,471] multiqc                                            [DEBUG  ]  File ignored by longranger/invocation because it exceeded search pattern filesize limit: trimmed_POC-47-TP2_S13_R2_001_fastqc.html
[2025-04-11 11:49:02,471] multiqc                                            [DEBUG  ]  File ignored by rockhopper because it exceeded search pattern filesize limit: trimmed_POC-47-TP2_S13_R2_001_fastqc.html
[2025-04-11 11:49:02,471] multiqc                                            [DEBUG  ]  File ignored by rseqc/bam_stat because it exceeded search pattern filesize limit: trimmed_POC-47-TP2_S13_R2_001_fastqc.html
[2025-04-11 11:49:02,471] multiqc                                            [DEBUG  ]  File ignored by rseqc/junction_annotation because it exceeded search pattern filesize limit: trimmed_POC-47-TP2_S13_R2_001_fastqc.html
[2025-04-11 11:49:02,471] multiqc                                            [DEBUG  ]  File ignored by rseqc/read_distribution because it exceeded search pattern filesize limit: trimmed_POC-47-TP2_S13_R2_001_fastqc.html
[2025-04-11 11:49:02,472] multiqc                                            [DEBUG  ]  File ignored by rseqc/infer_experiment because it exceeded search pattern filesize limit: trimmed_POC-47-TP2_S13_R2_001_fastqc.html
[2025-04-11 11:49:02,497] multiqc                                            [DEBUG  ]  File ignored by nanostat because it exceeded search pattern filesize limit: trimmed_POC-47-TP2_S13_R2_001_fastqc.html
[2025-04-11 11:49:02,503] multiqc                                            [DEBUG  ]  File ignored by ccs/v4 because it exceeded search pattern filesize limit: trimmed_POC-48-TP2_S11_R1_001_fastqc.html
[2025-04-11 11:49:02,504] multiqc                                            [DEBUG  ]  File ignored by hicexplorer because it exceeded search pattern filesize limit: trimmed_POC-48-TP2_S11_R1_001_fastqc.html
[2025-04-11 11:49:02,504] multiqc                                            [DEBUG  ]  File ignored by lima/summary because it exceeded search pattern filesize limit: trimmed_POC-48-TP2_S11_R1_001_fastqc.html
[2025-04-11 11:49:02,506] multiqc                                            [DEBUG  ]  File ignored by vep/vep_txt because it exceeded search pattern filesize limit: trimmed_POC-48-TP2_S11_R1_001_fastqc.html
[2025-04-11 11:49:02,506] multiqc                                            [DEBUG  ]  File ignored by longranger/invocation because it exceeded search pattern filesize limit: trimmed_POC-48-TP2_S11_R1_001_fastqc.html
[2025-04-11 11:49:02,506] multiqc                                            [DEBUG  ]  File ignored by rockhopper because it exceeded search pattern filesize limit: trimmed_POC-48-TP2_S11_R1_001_fastqc.html
[2025-04-11 11:49:02,506] multiqc                                            [DEBUG  ]  File ignored by rseqc/bam_stat because it exceeded search pattern filesize limit: trimmed_POC-48-TP2_S11_R1_001_fastqc.html
[2025-04-11 11:49:02,506] multiqc                                            [DEBUG  ]  File ignored by rseqc/junction_annotation because it exceeded search pattern filesize limit: trimmed_POC-48-TP2_S11_R1_001_fastqc.html
[2025-04-11 11:49:02,506] multiqc                                            [DEBUG  ]  File ignored by rseqc/read_distribution because it exceeded search pattern filesize limit: trimmed_POC-48-TP2_S11_R1_001_fastqc.html
[2025-04-11 11:49:02,506] multiqc                                            [DEBUG  ]  File ignored by rseqc/infer_experiment because it exceeded search pattern filesize limit: trimmed_POC-48-TP2_S11_R1_001_fastqc.html
[2025-04-11 11:49:02,532] multiqc                                            [DEBUG  ]  File ignored by nanostat because it exceeded search pattern filesize limit: trimmed_POC-48-TP2_S11_R1_001_fastqc.html
[2025-04-11 11:49:02,537] multiqc                                            [DEBUG  ]  File ignored by ccs/v4 because it exceeded search pattern filesize limit: trimmed_POC-48-TP2_S11_R2_001_fastqc.html
[2025-04-11 11:49:02,538] multiqc                                            [DEBUG  ]  File ignored by hicexplorer because it exceeded search pattern filesize limit: trimmed_POC-48-TP2_S11_R2_001_fastqc.html
[2025-04-11 11:49:02,538] multiqc                                            [DEBUG  ]  File ignored by lima/summary because it exceeded search pattern filesize limit: trimmed_POC-48-TP2_S11_R2_001_fastqc.html
[2025-04-11 11:49:02,540] multiqc                                            [DEBUG  ]  File ignored by vep/vep_txt because it exceeded search pattern filesize limit: trimmed_POC-48-TP2_S11_R2_001_fastqc.html
[2025-04-11 11:49:02,540] multiqc                                            [DEBUG  ]  File ignored by longranger/invocation because it exceeded search pattern filesize limit: trimmed_POC-48-TP2_S11_R2_001_fastqc.html
[2025-04-11 11:49:02,540] multiqc                                            [DEBUG  ]  File ignored by rockhopper because it exceeded search pattern filesize limit: trimmed_POC-48-TP2_S11_R2_001_fastqc.html
[2025-04-11 11:49:02,540] multiqc                                            [DEBUG  ]  File ignored by rseqc/bam_stat because it exceeded search pattern filesize limit: trimmed_POC-48-TP2_S11_R2_001_fastqc.html
[2025-04-11 11:49:02,540] multiqc                                            [DEBUG  ]  File ignored by rseqc/junction_annotation because it exceeded search pattern filesize limit: trimmed_POC-48-TP2_S11_R2_001_fastqc.html
[2025-04-11 11:49:02,541] multiqc                                            [DEBUG  ]  File ignored by rseqc/read_distribution because it exceeded search pattern filesize limit: trimmed_POC-48-TP2_S11_R2_001_fastqc.html
[2025-04-11 11:49:02,541] multiqc                                            [DEBUG  ]  File ignored by rseqc/infer_experiment because it exceeded search pattern filesize limit: trimmed_POC-48-TP2_S11_R2_001_fastqc.html
[2025-04-11 11:49:02,566] multiqc                                            [DEBUG  ]  File ignored by nanostat because it exceeded search pattern filesize limit: trimmed_POC-48-TP2_S11_R2_001_fastqc.html
[2025-04-11 11:49:02,571] multiqc                                            [DEBUG  ]  File ignored by ccs/v4 because it exceeded search pattern filesize limit: trimmed_POC-50-TP2_S14_R1_001_fastqc.html
[2025-04-11 11:49:02,573] multiqc                                            [DEBUG  ]  File ignored by hicexplorer because it exceeded search pattern filesize limit: trimmed_POC-50-TP2_S14_R1_001_fastqc.html
[2025-04-11 11:49:02,573] multiqc                                            [DEBUG  ]  File ignored by lima/summary because it exceeded search pattern filesize limit: trimmed_POC-50-TP2_S14_R1_001_fastqc.html
[2025-04-11 11:49:02,575] multiqc                                            [DEBUG  ]  File ignored by vep/vep_txt because it exceeded search pattern filesize limit: trimmed_POC-50-TP2_S14_R1_001_fastqc.html
[2025-04-11 11:49:02,575] multiqc                                            [DEBUG  ]  File ignored by longranger/invocation because it exceeded search pattern filesize limit: trimmed_POC-50-TP2_S14_R1_001_fastqc.html
[2025-04-11 11:49:02,575] multiqc                                            [DEBUG  ]  File ignored by rockhopper because it exceeded search pattern filesize limit: trimmed_POC-50-TP2_S14_R1_001_fastqc.html
[2025-04-11 11:49:02,575] multiqc                                            [DEBUG  ]  File ignored by rseqc/bam_stat because it exceeded search pattern filesize limit: trimmed_POC-50-TP2_S14_R1_001_fastqc.html
[2025-04-11 11:49:02,575] multiqc                                            [DEBUG  ]  File ignored by rseqc/junction_annotation because it exceeded search pattern filesize limit: trimmed_POC-50-TP2_S14_R1_001_fastqc.html
[2025-04-11 11:49:02,575] multiqc                                            [DEBUG  ]  File ignored by rseqc/read_distribution because it exceeded search pattern filesize limit: trimmed_POC-50-TP2_S14_R1_001_fastqc.html
[2025-04-11 11:49:02,575] multiqc                                            [DEBUG  ]  File ignored by rseqc/infer_experiment because it exceeded search pattern filesize limit: trimmed_POC-50-TP2_S14_R1_001_fastqc.html
[2025-04-11 11:49:02,601] multiqc                                            [DEBUG  ]  File ignored by nanostat because it exceeded search pattern filesize limit: trimmed_POC-50-TP2_S14_R1_001_fastqc.html
[2025-04-11 11:49:02,607] multiqc                                            [DEBUG  ]  File ignored by ccs/v4 because it exceeded search pattern filesize limit: trimmed_POC-50-TP2_S14_R2_001_fastqc.html
[2025-04-11 11:49:02,608] multiqc                                            [DEBUG  ]  File ignored by hicexplorer because it exceeded search pattern filesize limit: trimmed_POC-50-TP2_S14_R2_001_fastqc.html
[2025-04-11 11:49:02,608] multiqc                                            [DEBUG  ]  File ignored by lima/summary because it exceeded search pattern filesize limit: trimmed_POC-50-TP2_S14_R2_001_fastqc.html
[2025-04-11 11:49:02,610] multiqc                                            [DEBUG  ]  File ignored by vep/vep_txt because it exceeded search pattern filesize limit: trimmed_POC-50-TP2_S14_R2_001_fastqc.html
[2025-04-11 11:49:02,610] multiqc                                            [DEBUG  ]  File ignored by longranger/invocation because it exceeded search pattern filesize limit: trimmed_POC-50-TP2_S14_R2_001_fastqc.html
[2025-04-11 11:49:02,610] multiqc                                            [DEBUG  ]  File ignored by rockhopper because it exceeded search pattern filesize limit: trimmed_POC-50-TP2_S14_R2_001_fastqc.html
[2025-04-11 11:49:02,610] multiqc                                            [DEBUG  ]  File ignored by rseqc/bam_stat because it exceeded search pattern filesize limit: trimmed_POC-50-TP2_S14_R2_001_fastqc.html
[2025-04-11 11:49:02,610] multiqc                                            [DEBUG  ]  File ignored by rseqc/junction_annotation because it exceeded search pattern filesize limit: trimmed_POC-50-TP2_S14_R2_001_fastqc.html
[2025-04-11 11:49:02,610] multiqc                                            [DEBUG  ]  File ignored by rseqc/read_distribution because it exceeded search pattern filesize limit: trimmed_POC-50-TP2_S14_R2_001_fastqc.html
[2025-04-11 11:49:02,610] multiqc                                            [DEBUG  ]  File ignored by rseqc/infer_experiment because it exceeded search pattern filesize limit: trimmed_POC-50-TP2_S14_R2_001_fastqc.html
[2025-04-11 11:49:02,636] multiqc                                            [DEBUG  ]  File ignored by nanostat because it exceeded search pattern filesize limit: trimmed_POC-50-TP2_S14_R2_001_fastqc.html
[2025-04-11 11:49:02,642] multiqc                                            [DEBUG  ]  File ignored by ccs/v4 because it exceeded search pattern filesize limit: trimmed_POC-53-TP2_S15_R1_001_fastqc.html
[2025-04-11 11:49:02,643] multiqc                                            [DEBUG  ]  File ignored by hicexplorer because it exceeded search pattern filesize limit: trimmed_POC-53-TP2_S15_R1_001_fastqc.html
[2025-04-11 11:49:02,643] multiqc                                            [DEBUG  ]  File ignored by lima/summary because it exceeded search pattern filesize limit: trimmed_POC-53-TP2_S15_R1_001_fastqc.html
[2025-04-11 11:49:02,645] multiqc                                            [DEBUG  ]  File ignored by vep/vep_txt because it exceeded search pattern filesize limit: trimmed_POC-53-TP2_S15_R1_001_fastqc.html
[2025-04-11 11:49:02,645] multiqc                                            [DEBUG  ]  File ignored by longranger/invocation because it exceeded search pattern filesize limit: trimmed_POC-53-TP2_S15_R1_001_fastqc.html
[2025-04-11 11:49:02,645] multiqc                                            [DEBUG  ]  File ignored by rockhopper because it exceeded search pattern filesize limit: trimmed_POC-53-TP2_S15_R1_001_fastqc.html
[2025-04-11 11:49:02,645] multiqc                                            [DEBUG  ]  File ignored by rseqc/bam_stat because it exceeded search pattern filesize limit: trimmed_POC-53-TP2_S15_R1_001_fastqc.html
[2025-04-11 11:49:02,645] multiqc                                            [DEBUG  ]  File ignored by rseqc/junction_annotation because it exceeded search pattern filesize limit: trimmed_POC-53-TP2_S15_R1_001_fastqc.html
[2025-04-11 11:49:02,645] multiqc                                            [DEBUG  ]  File ignored by rseqc/read_distribution because it exceeded search pattern filesize limit: trimmed_POC-53-TP2_S15_R1_001_fastqc.html
[2025-04-11 11:49:02,645] multiqc                                            [DEBUG  ]  File ignored by rseqc/infer_experiment because it exceeded search pattern filesize limit: trimmed_POC-53-TP2_S15_R1_001_fastqc.html
[2025-04-11 11:49:02,671] multiqc                                            [DEBUG  ]  File ignored by nanostat because it exceeded search pattern filesize limit: trimmed_POC-53-TP2_S15_R1_001_fastqc.html
[2025-04-11 11:49:02,676] multiqc                                            [DEBUG  ]  File ignored by ccs/v4 because it exceeded search pattern filesize limit: trimmed_POC-53-TP2_S15_R2_001_fastqc.html
[2025-04-11 11:49:02,677] multiqc                                            [DEBUG  ]  File ignored by hicexplorer because it exceeded search pattern filesize limit: trimmed_POC-53-TP2_S15_R2_001_fastqc.html
[2025-04-11 11:49:02,677] multiqc                                            [DEBUG  ]  File ignored by lima/summary because it exceeded search pattern filesize limit: trimmed_POC-53-TP2_S15_R2_001_fastqc.html
[2025-04-11 11:49:02,679] multiqc                                            [DEBUG  ]  File ignored by vep/vep_txt because it exceeded search pattern filesize limit: trimmed_POC-53-TP2_S15_R2_001_fastqc.html
[2025-04-11 11:49:02,680] multiqc                                            [DEBUG  ]  File ignored by longranger/invocation because it exceeded search pattern filesize limit: trimmed_POC-53-TP2_S15_R2_001_fastqc.html
[2025-04-11 11:49:02,680] multiqc                                            [DEBUG  ]  File ignored by rockhopper because it exceeded search pattern filesize limit: trimmed_POC-53-TP2_S15_R2_001_fastqc.html
[2025-04-11 11:49:02,680] multiqc                                            [DEBUG  ]  File ignored by rseqc/bam_stat because it exceeded search pattern filesize limit: trimmed_POC-53-TP2_S15_R2_001_fastqc.html
[2025-04-11 11:49:02,680] multiqc                                            [DEBUG  ]  File ignored by rseqc/junction_annotation because it exceeded search pattern filesize limit: trimmed_POC-53-TP2_S15_R2_001_fastqc.html
[2025-04-11 11:49:02,680] multiqc                                            [DEBUG  ]  File ignored by rseqc/read_distribution because it exceeded search pattern filesize limit: trimmed_POC-53-TP2_S15_R2_001_fastqc.html
[2025-04-11 11:49:02,680] multiqc                                            [DEBUG  ]  File ignored by rseqc/infer_experiment because it exceeded search pattern filesize limit: trimmed_POC-53-TP2_S15_R2_001_fastqc.html
[2025-04-11 11:49:02,705] multiqc                                            [DEBUG  ]  File ignored by nanostat because it exceeded search pattern filesize limit: trimmed_POC-53-TP2_S15_R2_001_fastqc.html
[2025-04-11 11:49:02,711] multiqc                                            [DEBUG  ]  File ignored by ccs/v4 because it exceeded search pattern filesize limit: trimmed_POC-57-TP2_S12_R1_001_fastqc.html
[2025-04-11 11:49:02,712] multiqc                                            [DEBUG  ]  File ignored by hicexplorer because it exceeded search pattern filesize limit: trimmed_POC-57-TP2_S12_R1_001_fastqc.html
[2025-04-11 11:49:02,712] multiqc                                            [DEBUG  ]  File ignored by lima/summary because it exceeded search pattern filesize limit: trimmed_POC-57-TP2_S12_R1_001_fastqc.html
[2025-04-11 11:49:02,714] multiqc                                            [DEBUG  ]  File ignored by vep/vep_txt because it exceeded search pattern filesize limit: trimmed_POC-57-TP2_S12_R1_001_fastqc.html
[2025-04-11 11:49:02,714] multiqc                                            [DEBUG  ]  File ignored by longranger/invocation because it exceeded search pattern filesize limit: trimmed_POC-57-TP2_S12_R1_001_fastqc.html
[2025-04-11 11:49:02,714] multiqc                                            [DEBUG  ]  File ignored by rockhopper because it exceeded search pattern filesize limit: trimmed_POC-57-TP2_S12_R1_001_fastqc.html
[2025-04-11 11:49:02,714] multiqc                                            [DEBUG  ]  File ignored by rseqc/bam_stat because it exceeded search pattern filesize limit: trimmed_POC-57-TP2_S12_R1_001_fastqc.html
[2025-04-11 11:49:02,714] multiqc                                            [DEBUG  ]  File ignored by rseqc/junction_annotation because it exceeded search pattern filesize limit: trimmed_POC-57-TP2_S12_R1_001_fastqc.html
[2025-04-11 11:49:02,714] multiqc                                            [DEBUG  ]  File ignored by rseqc/read_distribution because it exceeded search pattern filesize limit: trimmed_POC-57-TP2_S12_R1_001_fastqc.html
[2025-04-11 11:49:02,714] multiqc                                            [DEBUG  ]  File ignored by rseqc/infer_experiment because it exceeded search pattern filesize limit: trimmed_POC-57-TP2_S12_R1_001_fastqc.html
[2025-04-11 11:49:02,739] multiqc                                            [DEBUG  ]  File ignored by nanostat because it exceeded search pattern filesize limit: trimmed_POC-57-TP2_S12_R1_001_fastqc.html
[2025-04-11 11:49:02,745] multiqc                                            [DEBUG  ]  File ignored by ccs/v4 because it exceeded search pattern filesize limit: trimmed_POC-57-TP2_S12_R2_001_fastqc.html
[2025-04-11 11:49:02,746] multiqc                                            [DEBUG  ]  File ignored by hicexplorer because it exceeded search pattern filesize limit: trimmed_POC-57-TP2_S12_R2_001_fastqc.html
[2025-04-11 11:49:02,746] multiqc                                            [DEBUG  ]  File ignored by lima/summary because it exceeded search pattern filesize limit: trimmed_POC-57-TP2_S12_R2_001_fastqc.html
[2025-04-11 11:49:02,748] multiqc                                            [DEBUG  ]  File ignored by vep/vep_txt because it exceeded search pattern filesize limit: trimmed_POC-57-TP2_S12_R2_001_fastqc.html
[2025-04-11 11:49:02,748] multiqc                                            [DEBUG  ]  File ignored by longranger/invocation because it exceeded search pattern filesize limit: trimmed_POC-57-TP2_S12_R2_001_fastqc.html
[2025-04-11 11:49:02,748] multiqc                                            [DEBUG  ]  File ignored by rockhopper because it exceeded search pattern filesize limit: trimmed_POC-57-TP2_S12_R2_001_fastqc.html
[2025-04-11 11:49:02,748] multiqc                                            [DEBUG  ]  File ignored by rseqc/bam_stat because it exceeded search pattern filesize limit: trimmed_POC-57-TP2_S12_R2_001_fastqc.html
[2025-04-11 11:49:02,748] multiqc                                            [DEBUG  ]  File ignored by rseqc/junction_annotation because it exceeded search pattern filesize limit: trimmed_POC-57-TP2_S12_R2_001_fastqc.html
[2025-04-11 11:49:02,748] multiqc                                            [DEBUG  ]  File ignored by rseqc/read_distribution because it exceeded search pattern filesize limit: trimmed_POC-57-TP2_S12_R2_001_fastqc.html
[2025-04-11 11:49:02,748] multiqc                                            [DEBUG  ]  File ignored by rseqc/infer_experiment because it exceeded search pattern filesize limit: trimmed_POC-57-TP2_S12_R2_001_fastqc.html
[2025-04-11 11:49:02,773] multiqc                                            [DEBUG  ]  File ignored by nanostat because it exceeded search pattern filesize limit: trimmed_POC-57-TP2_S12_R2_001_fastqc.html
[2025-04-11 11:49:04,240] multiqc.plots.linegraph                            [DEBUG  ]  Using matplotlib version 3.4.3
[2025-04-11 11:49:04,246] multiqc.plots.bargraph                             [DEBUG  ]  Using matplotlib version 3.4.3
[2025-04-11 11:49:05,205] multiqc.modules.fastqc.fastqc                      [INFO   ]  Found 10 reports
[2025-04-11 11:49:05,311] multiqc                                            [INFO   ]  Compressing plot data
[2025-04-11 11:49:05,463] multiqc                                            [INFO   ]  Report      : multiqc_report.html
[2025-04-11 11:49:05,464] multiqc                                            [INFO   ]  Data        : multiqc_data
[2025-04-11 11:49:05,464] multiqc                                            [DEBUG  ]  Moving data file from '/tmp/tmp_rq_6wlg/multiqc_data' to '/scratch3/workspace/zdellaert_uri_edu-deep_dive/deep-dive-expression/F-Ptuh/output/01.00-F-Ptuh-WGBS-trimming-cutadapt-FastQC-MultiQC/trimmed_qc/multiqc_data'
[2025-04-11 11:49:05,767] multiqc                                            [INFO   ]  MultiQC complete
