[2025-03-31 15:11:45,359] multiqc                                            [DEBUG  ]  This is MultiQC v1.12
[2025-03-31 15:11:45,361] multiqc                                            [DEBUG  ]  No MultiQC config found: /modules/uri_apps/software/MultiQC/1.12-foss-2021b/lib/python3.9/site-packages/multiqc_config.yaml
[2025-03-31 15:11:45,362] multiqc                                            [DEBUG  ]  No MultiQC config found: /home/zdellaert_uri_edu/.multiqc_config.yaml
[2025-03-31 15:11:45,362] multiqc                                            [DEBUG  ]  No MultiQC config found: multiqc_config.yaml
[2025-03-31 15:11:45,362] multiqc                                            [DEBUG  ]  Command used: /modules/uri_apps/software/MultiQC/1.12-foss-2021b/bin/multiqc trimmed_413_S1_R1_001_fastqc.html trimmed_413_S1_R1_001_fastqc.zip trimmed_413_S1_R2_001_fastqc.html trimmed_413_S1_R2_001_fastqc.zip trimmed_423_S2_R1_001_fastqc.html trimmed_423_S2_R1_001_fastqc.zip trimmed_423_S2_R2_001_fastqc.html trimmed_423_S2_R2_001_fastqc.zip trimmed_427_S3_R1_001_fastqc.html trimmed_427_S3_R1_001_fastqc.zip trimmed_427_S3_R2_001_fastqc.html trimmed_427_S3_R2_001_fastqc.zip trimmed_439_S4_R1_001_fastqc.html trimmed_439_S4_R1_001_fastqc.zip trimmed_439_S4_R2_001_fastqc.html trimmed_439_S4_R2_001_fastqc.zip trimmed_467_S5_R1_001_fastqc.html trimmed_467_S5_R1_001_fastqc.zip trimmed_467_S5_R2_001_fastqc.html trimmed_467_S5_R2_001_fastqc.zip
[2025-03-31 15:11:45,896] multiqc                                            [WARNING]  MultiQC Version v1.28 now available!
[2025-03-31 15:11:45,897] multiqc                                            [DEBUG  ]  Command     : /modules/uri_apps/software/MultiQC/1.12-foss-2021b/bin/multiqc trimmed_413_S1_R1_001_fastqc.html trimmed_413_S1_R1_001_fastqc.zip trimmed_413_S1_R2_001_fastqc.html trimmed_413_S1_R2_001_fastqc.zip trimmed_423_S2_R1_001_fastqc.html trimmed_423_S2_R1_001_fastqc.zip trimmed_423_S2_R2_001_fastqc.html trimmed_423_S2_R2_001_fastqc.zip trimmed_427_S3_R1_001_fastqc.html trimmed_427_S3_R1_001_fastqc.zip trimmed_427_S3_R2_001_fastqc.html trimmed_427_S3_R2_001_fastqc.zip trimmed_439_S4_R1_001_fastqc.html trimmed_439_S4_R1_001_fastqc.zip trimmed_439_S4_R2_001_fastqc.html trimmed_439_S4_R2_001_fastqc.zip trimmed_467_S5_R1_001_fastqc.html trimmed_467_S5_R1_001_fastqc.zip trimmed_467_S5_R2_001_fastqc.html trimmed_467_S5_R2_001_fastqc.zip
[2025-03-31 15:11:45,897] multiqc                                            [DEBUG  ]  Working dir : /scratch3/workspace/zdellaert_uri_edu-deep_dive/deep-dive-expression/D-Apul/output/01.00-D-Apul-WGBS-trimming-cutadapt-FastQC-MultiQC/trimmed_qc
[2025-03-31 15:11:45,897] multiqc                                            [DEBUG  ]  Template    : default
[2025-03-31 15:11:45,897] multiqc                                            [DEBUG  ]  Running Python 3.9.6 (default, Nov 15 2024, 16:57:16)  [GCC 11.2.0]
[2025-03-31 15:11:45,897] multiqc                                            [DEBUG  ]  Analysing modules: custom_content, ccs, ngsderive, purple, conpair, lima, peddy, somalier, methylQA, mosdepth, phantompeakqualtools, qualimap, preseq, quast, qorts, rna_seqc, rockhopper, rsem, rseqc, busco, bustools, goleft_indexcov, gffcompare, disambiguate, supernova, deeptools, sargasso, verifybamid, mirtrace, happy, mirtop, sambamba, homer, hops, macs2, theta2, snpeff, gatk, htseq, bcftools, featureCounts, fgbio, dragen, dedup, pbmarkdup, damageprofiler, biobambam2, jcvi, mtnucratio, picard, vep, sentieon, prokka, qc3C, nanostat, samblaster, samtools, sexdeterrmine, eigenstratdatabasetools, bamtools, jellyfish, vcftools, longranger, stacks, varscan2, snippy, bbmap, bismark, biscuit, hicexplorer, hicup, hicpro, salmon, kallisto, slamdunk, star, hisat2, tophat, bowtie2, bowtie1, snpsplit, odgi, pangolin, kat, leehom, adapterRemoval, clipandmerge, cutadapt, flexbar, kaiju, kraken, malt, trimmomatic, sickle, skewer, sortmerna, biobloomtools, fastq_screen, afterqc, fastp, fastqc, pychopper, pycoqc, minionqc, multivcfanalyzer, clusterflow, checkqc, bcl2fastq, bclconvert, interop, ivar, flash, seqyclean, optitype, whatshap
[2025-03-31 15:11:45,897] multiqc                                            [DEBUG  ]  Using temporary directory for creating report: /tmp/tmpcw0ad6at
[2025-03-31 15:11:46,142] multiqc                                            [INFO   ]  Search path : /scratch3/workspace/zdellaert_uri_edu-deep_dive/deep-dive-expression/D-Apul/output/01.00-D-Apul-WGBS-trimming-cutadapt-FastQC-MultiQC/trimmed_qc/trimmed_413_S1_R1_001_fastqc.html
[2025-03-31 15:11:46,143] multiqc                                            [INFO   ]  Search path : /scratch3/workspace/zdellaert_uri_edu-deep_dive/deep-dive-expression/D-Apul/output/01.00-D-Apul-WGBS-trimming-cutadapt-FastQC-MultiQC/trimmed_qc/trimmed_413_S1_R1_001_fastqc.zip
[2025-03-31 15:11:46,143] multiqc                                            [INFO   ]  Search path : /scratch3/workspace/zdellaert_uri_edu-deep_dive/deep-dive-expression/D-Apul/output/01.00-D-Apul-WGBS-trimming-cutadapt-FastQC-MultiQC/trimmed_qc/trimmed_413_S1_R2_001_fastqc.html
[2025-03-31 15:11:46,143] multiqc                                            [INFO   ]  Search path : /scratch3/workspace/zdellaert_uri_edu-deep_dive/deep-dive-expression/D-Apul/output/01.00-D-Apul-WGBS-trimming-cutadapt-FastQC-MultiQC/trimmed_qc/trimmed_413_S1_R2_001_fastqc.zip
[2025-03-31 15:11:46,143] multiqc                                            [INFO   ]  Search path : /scratch3/workspace/zdellaert_uri_edu-deep_dive/deep-dive-expression/D-Apul/output/01.00-D-Apul-WGBS-trimming-cutadapt-FastQC-MultiQC/trimmed_qc/trimmed_423_S2_R1_001_fastqc.html
[2025-03-31 15:11:46,143] multiqc                                            [INFO   ]  Search path : /scratch3/workspace/zdellaert_uri_edu-deep_dive/deep-dive-expression/D-Apul/output/01.00-D-Apul-WGBS-trimming-cutadapt-FastQC-MultiQC/trimmed_qc/trimmed_423_S2_R1_001_fastqc.zip
[2025-03-31 15:11:46,143] multiqc                                            [INFO   ]  Search path : /scratch3/workspace/zdellaert_uri_edu-deep_dive/deep-dive-expression/D-Apul/output/01.00-D-Apul-WGBS-trimming-cutadapt-FastQC-MultiQC/trimmed_qc/trimmed_423_S2_R2_001_fastqc.html
[2025-03-31 15:11:46,143] multiqc                                            [INFO   ]  Search path : /scratch3/workspace/zdellaert_uri_edu-deep_dive/deep-dive-expression/D-Apul/output/01.00-D-Apul-WGBS-trimming-cutadapt-FastQC-MultiQC/trimmed_qc/trimmed_423_S2_R2_001_fastqc.zip
[2025-03-31 15:11:46,143] multiqc                                            [INFO   ]  Search path : /scratch3/workspace/zdellaert_uri_edu-deep_dive/deep-dive-expression/D-Apul/output/01.00-D-Apul-WGBS-trimming-cutadapt-FastQC-MultiQC/trimmed_qc/trimmed_427_S3_R1_001_fastqc.html
[2025-03-31 15:11:46,143] multiqc                                            [INFO   ]  Search path : /scratch3/workspace/zdellaert_uri_edu-deep_dive/deep-dive-expression/D-Apul/output/01.00-D-Apul-WGBS-trimming-cutadapt-FastQC-MultiQC/trimmed_qc/trimmed_427_S3_R1_001_fastqc.zip
[2025-03-31 15:11:46,143] multiqc                                            [INFO   ]  Search path : /scratch3/workspace/zdellaert_uri_edu-deep_dive/deep-dive-expression/D-Apul/output/01.00-D-Apul-WGBS-trimming-cutadapt-FastQC-MultiQC/trimmed_qc/trimmed_427_S3_R2_001_fastqc.html
[2025-03-31 15:11:46,143] multiqc                                            [INFO   ]  Search path : /scratch3/workspace/zdellaert_uri_edu-deep_dive/deep-dive-expression/D-Apul/output/01.00-D-Apul-WGBS-trimming-cutadapt-FastQC-MultiQC/trimmed_qc/trimmed_427_S3_R2_001_fastqc.zip
[2025-03-31 15:11:46,143] multiqc                                            [INFO   ]  Search path : /scratch3/workspace/zdellaert_uri_edu-deep_dive/deep-dive-expression/D-Apul/output/01.00-D-Apul-WGBS-trimming-cutadapt-FastQC-MultiQC/trimmed_qc/trimmed_439_S4_R1_001_fastqc.html
[2025-03-31 15:11:46,143] multiqc                                            [INFO   ]  Search path : /scratch3/workspace/zdellaert_uri_edu-deep_dive/deep-dive-expression/D-Apul/output/01.00-D-Apul-WGBS-trimming-cutadapt-FastQC-MultiQC/trimmed_qc/trimmed_439_S4_R1_001_fastqc.zip
[2025-03-31 15:11:46,143] multiqc                                            [INFO   ]  Search path : /scratch3/workspace/zdellaert_uri_edu-deep_dive/deep-dive-expression/D-Apul/output/01.00-D-Apul-WGBS-trimming-cutadapt-FastQC-MultiQC/trimmed_qc/trimmed_439_S4_R2_001_fastqc.html
[2025-03-31 15:11:46,143] multiqc                                            [INFO   ]  Search path : /scratch3/workspace/zdellaert_uri_edu-deep_dive/deep-dive-expression/D-Apul/output/01.00-D-Apul-WGBS-trimming-cutadapt-FastQC-MultiQC/trimmed_qc/trimmed_439_S4_R2_001_fastqc.zip
[2025-03-31 15:11:46,144] multiqc                                            [INFO   ]  Search path : /scratch3/workspace/zdellaert_uri_edu-deep_dive/deep-dive-expression/D-Apul/output/01.00-D-Apul-WGBS-trimming-cutadapt-FastQC-MultiQC/trimmed_qc/trimmed_467_S5_R1_001_fastqc.html
[2025-03-31 15:11:46,144] multiqc                                            [INFO   ]  Search path : /scratch3/workspace/zdellaert_uri_edu-deep_dive/deep-dive-expression/D-Apul/output/01.00-D-Apul-WGBS-trimming-cutadapt-FastQC-MultiQC/trimmed_qc/trimmed_467_S5_R1_001_fastqc.zip
[2025-03-31 15:11:46,144] multiqc                                            [INFO   ]  Search path : /scratch3/workspace/zdellaert_uri_edu-deep_dive/deep-dive-expression/D-Apul/output/01.00-D-Apul-WGBS-trimming-cutadapt-FastQC-MultiQC/trimmed_qc/trimmed_467_S5_R2_001_fastqc.html
[2025-03-31 15:11:46,144] multiqc                                            [INFO   ]  Search path : /scratch3/workspace/zdellaert_uri_edu-deep_dive/deep-dive-expression/D-Apul/output/01.00-D-Apul-WGBS-trimming-cutadapt-FastQC-MultiQC/trimmed_qc/trimmed_467_S5_R2_001_fastqc.zip
[2025-03-31 15:11:46,171] multiqc                                            [DEBUG  ]  File ignored by ccs/v4 because it exceeded search pattern filesize limit: trimmed_413_S1_R1_001_fastqc.html
[2025-03-31 15:11:46,173] multiqc                                            [DEBUG  ]  File ignored by hicexplorer because it exceeded search pattern filesize limit: trimmed_413_S1_R1_001_fastqc.html
[2025-03-31 15:11:46,173] multiqc                                            [DEBUG  ]  File ignored by lima/summary because it exceeded search pattern filesize limit: trimmed_413_S1_R1_001_fastqc.html
[2025-03-31 15:11:46,176] multiqc                                            [DEBUG  ]  File ignored by vep/vep_txt because it exceeded search pattern filesize limit: trimmed_413_S1_R1_001_fastqc.html
[2025-03-31 15:11:46,176] multiqc                                            [DEBUG  ]  File ignored by longranger/invocation because it exceeded search pattern filesize limit: trimmed_413_S1_R1_001_fastqc.html
[2025-03-31 15:11:46,176] multiqc                                            [DEBUG  ]  File ignored by rockhopper because it exceeded search pattern filesize limit: trimmed_413_S1_R1_001_fastqc.html
[2025-03-31 15:11:46,176] multiqc                                            [DEBUG  ]  File ignored by rseqc/bam_stat because it exceeded search pattern filesize limit: trimmed_413_S1_R1_001_fastqc.html
[2025-03-31 15:11:46,176] multiqc                                            [DEBUG  ]  File ignored by rseqc/junction_annotation because it exceeded search pattern filesize limit: trimmed_413_S1_R1_001_fastqc.html
[2025-03-31 15:11:46,176] multiqc                                            [DEBUG  ]  File ignored by rseqc/read_distribution because it exceeded search pattern filesize limit: trimmed_413_S1_R1_001_fastqc.html
[2025-03-31 15:11:46,176] multiqc                                            [DEBUG  ]  File ignored by rseqc/infer_experiment because it exceeded search pattern filesize limit: trimmed_413_S1_R1_001_fastqc.html
[2025-03-31 15:11:46,203] multiqc                                            [DEBUG  ]  File ignored by nanostat because it exceeded search pattern filesize limit: trimmed_413_S1_R1_001_fastqc.html
[2025-03-31 15:11:46,209] multiqc                                            [DEBUG  ]  File ignored by ccs/v4 because it exceeded search pattern filesize limit: trimmed_413_S1_R2_001_fastqc.html
[2025-03-31 15:11:46,210] multiqc                                            [DEBUG  ]  File ignored by hicexplorer because it exceeded search pattern filesize limit: trimmed_413_S1_R2_001_fastqc.html
[2025-03-31 15:11:46,210] multiqc                                            [DEBUG  ]  File ignored by lima/summary because it exceeded search pattern filesize limit: trimmed_413_S1_R2_001_fastqc.html
[2025-03-31 15:11:46,212] multiqc                                            [DEBUG  ]  File ignored by vep/vep_txt because it exceeded search pattern filesize limit: trimmed_413_S1_R2_001_fastqc.html
[2025-03-31 15:11:46,212] multiqc                                            [DEBUG  ]  File ignored by longranger/invocation because it exceeded search pattern filesize limit: trimmed_413_S1_R2_001_fastqc.html
[2025-03-31 15:11:46,213] multiqc                                            [DEBUG  ]  File ignored by rockhopper because it exceeded search pattern filesize limit: trimmed_413_S1_R2_001_fastqc.html
[2025-03-31 15:11:46,213] multiqc                                            [DEBUG  ]  File ignored by rseqc/bam_stat because it exceeded search pattern filesize limit: trimmed_413_S1_R2_001_fastqc.html
[2025-03-31 15:11:46,213] multiqc                                            [DEBUG  ]  File ignored by rseqc/junction_annotation because it exceeded search pattern filesize limit: trimmed_413_S1_R2_001_fastqc.html
[2025-03-31 15:11:46,213] multiqc                                            [DEBUG  ]  File ignored by rseqc/read_distribution because it exceeded search pattern filesize limit: trimmed_413_S1_R2_001_fastqc.html
[2025-03-31 15:11:46,213] multiqc                                            [DEBUG  ]  File ignored by rseqc/infer_experiment because it exceeded search pattern filesize limit: trimmed_413_S1_R2_001_fastqc.html
[2025-03-31 15:11:46,239] multiqc                                            [DEBUG  ]  File ignored by nanostat because it exceeded search pattern filesize limit: trimmed_413_S1_R2_001_fastqc.html
[2025-03-31 15:11:46,245] multiqc                                            [DEBUG  ]  File ignored by ccs/v4 because it exceeded search pattern filesize limit: trimmed_423_S2_R1_001_fastqc.html
[2025-03-31 15:11:46,246] multiqc                                            [DEBUG  ]  File ignored by hicexplorer because it exceeded search pattern filesize limit: trimmed_423_S2_R1_001_fastqc.html
[2025-03-31 15:11:46,246] multiqc                                            [DEBUG  ]  File ignored by lima/summary because it exceeded search pattern filesize limit: trimmed_423_S2_R1_001_fastqc.html
[2025-03-31 15:11:46,248] multiqc                                            [DEBUG  ]  File ignored by vep/vep_txt because it exceeded search pattern filesize limit: trimmed_423_S2_R1_001_fastqc.html
[2025-03-31 15:11:46,248] multiqc                                            [DEBUG  ]  File ignored by longranger/invocation because it exceeded search pattern filesize limit: trimmed_423_S2_R1_001_fastqc.html
[2025-03-31 15:11:46,248] multiqc                                            [DEBUG  ]  File ignored by rockhopper because it exceeded search pattern filesize limit: trimmed_423_S2_R1_001_fastqc.html
[2025-03-31 15:11:46,248] multiqc                                            [DEBUG  ]  File ignored by rseqc/bam_stat because it exceeded search pattern filesize limit: trimmed_423_S2_R1_001_fastqc.html
[2025-03-31 15:11:46,248] multiqc                                            [DEBUG  ]  File ignored by rseqc/junction_annotation because it exceeded search pattern filesize limit: trimmed_423_S2_R1_001_fastqc.html
[2025-03-31 15:11:46,248] multiqc                                            [DEBUG  ]  File ignored by rseqc/read_distribution because it exceeded search pattern filesize limit: trimmed_423_S2_R1_001_fastqc.html
[2025-03-31 15:11:46,248] multiqc                                            [DEBUG  ]  File ignored by rseqc/infer_experiment because it exceeded search pattern filesize limit: trimmed_423_S2_R1_001_fastqc.html
[2025-03-31 15:11:46,275] multiqc                                            [DEBUG  ]  File ignored by nanostat because it exceeded search pattern filesize limit: trimmed_423_S2_R1_001_fastqc.html
[2025-03-31 15:11:46,280] multiqc                                            [DEBUG  ]  File ignored by ccs/v4 because it exceeded search pattern filesize limit: trimmed_423_S2_R2_001_fastqc.html
[2025-03-31 15:11:46,281] multiqc                                            [DEBUG  ]  File ignored by hicexplorer because it exceeded search pattern filesize limit: trimmed_423_S2_R2_001_fastqc.html
[2025-03-31 15:11:46,281] multiqc                                            [DEBUG  ]  File ignored by lima/summary because it exceeded search pattern filesize limit: trimmed_423_S2_R2_001_fastqc.html
[2025-03-31 15:11:46,283] multiqc                                            [DEBUG  ]  File ignored by vep/vep_txt because it exceeded search pattern filesize limit: trimmed_423_S2_R2_001_fastqc.html
[2025-03-31 15:11:46,284] multiqc                                            [DEBUG  ]  File ignored by longranger/invocation because it exceeded search pattern filesize limit: trimmed_423_S2_R2_001_fastqc.html
[2025-03-31 15:11:46,284] multiqc                                            [DEBUG  ]  File ignored by rockhopper because it exceeded search pattern filesize limit: trimmed_423_S2_R2_001_fastqc.html
[2025-03-31 15:11:46,284] multiqc                                            [DEBUG  ]  File ignored by rseqc/bam_stat because it exceeded search pattern filesize limit: trimmed_423_S2_R2_001_fastqc.html
[2025-03-31 15:11:46,284] multiqc                                            [DEBUG  ]  File ignored by rseqc/junction_annotation because it exceeded search pattern filesize limit: trimmed_423_S2_R2_001_fastqc.html
[2025-03-31 15:11:46,284] multiqc                                            [DEBUG  ]  File ignored by rseqc/read_distribution because it exceeded search pattern filesize limit: trimmed_423_S2_R2_001_fastqc.html
[2025-03-31 15:11:46,284] multiqc                                            [DEBUG  ]  File ignored by rseqc/infer_experiment because it exceeded search pattern filesize limit: trimmed_423_S2_R2_001_fastqc.html
[2025-03-31 15:11:46,309] multiqc                                            [DEBUG  ]  File ignored by nanostat because it exceeded search pattern filesize limit: trimmed_423_S2_R2_001_fastqc.html
[2025-03-31 15:11:46,314] multiqc                                            [DEBUG  ]  File ignored by ccs/v4 because it exceeded search pattern filesize limit: trimmed_427_S3_R1_001_fastqc.html
[2025-03-31 15:11:46,315] multiqc                                            [DEBUG  ]  File ignored by hicexplorer because it exceeded search pattern filesize limit: trimmed_427_S3_R1_001_fastqc.html
[2025-03-31 15:11:46,315] multiqc                                            [DEBUG  ]  File ignored by lima/summary because it exceeded search pattern filesize limit: trimmed_427_S3_R1_001_fastqc.html
[2025-03-31 15:11:46,317] multiqc                                            [DEBUG  ]  File ignored by vep/vep_txt because it exceeded search pattern filesize limit: trimmed_427_S3_R1_001_fastqc.html
[2025-03-31 15:11:46,318] multiqc                                            [DEBUG  ]  File ignored by longranger/invocation because it exceeded search pattern filesize limit: trimmed_427_S3_R1_001_fastqc.html
[2025-03-31 15:11:46,318] multiqc                                            [DEBUG  ]  File ignored by rockhopper because it exceeded search pattern filesize limit: trimmed_427_S3_R1_001_fastqc.html
[2025-03-31 15:11:46,318] multiqc                                            [DEBUG  ]  File ignored by rseqc/bam_stat because it exceeded search pattern filesize limit: trimmed_427_S3_R1_001_fastqc.html
[2025-03-31 15:11:46,318] multiqc                                            [DEBUG  ]  File ignored by rseqc/junction_annotation because it exceeded search pattern filesize limit: trimmed_427_S3_R1_001_fastqc.html
[2025-03-31 15:11:46,318] multiqc                                            [DEBUG  ]  File ignored by rseqc/read_distribution because it exceeded search pattern filesize limit: trimmed_427_S3_R1_001_fastqc.html
[2025-03-31 15:11:46,318] multiqc                                            [DEBUG  ]  File ignored by rseqc/infer_experiment because it exceeded search pattern filesize limit: trimmed_427_S3_R1_001_fastqc.html
[2025-03-31 15:11:46,343] multiqc                                            [DEBUG  ]  File ignored by nanostat because it exceeded search pattern filesize limit: trimmed_427_S3_R1_001_fastqc.html
[2025-03-31 15:11:46,348] multiqc                                            [DEBUG  ]  File ignored by ccs/v4 because it exceeded search pattern filesize limit: trimmed_427_S3_R2_001_fastqc.html
[2025-03-31 15:11:46,349] multiqc                                            [DEBUG  ]  File ignored by hicexplorer because it exceeded search pattern filesize limit: trimmed_427_S3_R2_001_fastqc.html
[2025-03-31 15:11:46,349] multiqc                                            [DEBUG  ]  File ignored by lima/summary because it exceeded search pattern filesize limit: trimmed_427_S3_R2_001_fastqc.html
[2025-03-31 15:11:46,352] multiqc                                            [DEBUG  ]  File ignored by vep/vep_txt because it exceeded search pattern filesize limit: trimmed_427_S3_R2_001_fastqc.html
[2025-03-31 15:11:46,352] multiqc                                            [DEBUG  ]  File ignored by longranger/invocation because it exceeded search pattern filesize limit: trimmed_427_S3_R2_001_fastqc.html
[2025-03-31 15:11:46,352] multiqc                                            [DEBUG  ]  File ignored by rockhopper because it exceeded search pattern filesize limit: trimmed_427_S3_R2_001_fastqc.html
[2025-03-31 15:11:46,352] multiqc                                            [DEBUG  ]  File ignored by rseqc/bam_stat because it exceeded search pattern filesize limit: trimmed_427_S3_R2_001_fastqc.html
[2025-03-31 15:11:46,352] multiqc                                            [DEBUG  ]  File ignored by rseqc/junction_annotation because it exceeded search pattern filesize limit: trimmed_427_S3_R2_001_fastqc.html
[2025-03-31 15:11:46,352] multiqc                                            [DEBUG  ]  File ignored by rseqc/read_distribution because it exceeded search pattern filesize limit: trimmed_427_S3_R2_001_fastqc.html
[2025-03-31 15:11:46,352] multiqc                                            [DEBUG  ]  File ignored by rseqc/infer_experiment because it exceeded search pattern filesize limit: trimmed_427_S3_R2_001_fastqc.html
[2025-03-31 15:11:46,377] multiqc                                            [DEBUG  ]  File ignored by nanostat because it exceeded search pattern filesize limit: trimmed_427_S3_R2_001_fastqc.html
[2025-03-31 15:11:46,382] multiqc                                            [DEBUG  ]  File ignored by ccs/v4 because it exceeded search pattern filesize limit: trimmed_439_S4_R1_001_fastqc.html
[2025-03-31 15:11:46,384] multiqc                                            [DEBUG  ]  File ignored by hicexplorer because it exceeded search pattern filesize limit: trimmed_439_S4_R1_001_fastqc.html
[2025-03-31 15:11:46,384] multiqc                                            [DEBUG  ]  File ignored by lima/summary because it exceeded search pattern filesize limit: trimmed_439_S4_R1_001_fastqc.html
[2025-03-31 15:11:46,386] multiqc                                            [DEBUG  ]  File ignored by vep/vep_txt because it exceeded search pattern filesize limit: trimmed_439_S4_R1_001_fastqc.html
[2025-03-31 15:11:46,386] multiqc                                            [DEBUG  ]  File ignored by longranger/invocation because it exceeded search pattern filesize limit: trimmed_439_S4_R1_001_fastqc.html
[2025-03-31 15:11:46,386] multiqc                                            [DEBUG  ]  File ignored by rockhopper because it exceeded search pattern filesize limit: trimmed_439_S4_R1_001_fastqc.html
[2025-03-31 15:11:46,386] multiqc                                            [DEBUG  ]  File ignored by rseqc/bam_stat because it exceeded search pattern filesize limit: trimmed_439_S4_R1_001_fastqc.html
[2025-03-31 15:11:46,386] multiqc                                            [DEBUG  ]  File ignored by rseqc/junction_annotation because it exceeded search pattern filesize limit: trimmed_439_S4_R1_001_fastqc.html
[2025-03-31 15:11:46,386] multiqc                                            [DEBUG  ]  File ignored by rseqc/read_distribution because it exceeded search pattern filesize limit: trimmed_439_S4_R1_001_fastqc.html
[2025-03-31 15:11:46,386] multiqc                                            [DEBUG  ]  File ignored by rseqc/infer_experiment because it exceeded search pattern filesize limit: trimmed_439_S4_R1_001_fastqc.html
[2025-03-31 15:11:46,411] multiqc                                            [DEBUG  ]  File ignored by nanostat because it exceeded search pattern filesize limit: trimmed_439_S4_R1_001_fastqc.html
[2025-03-31 15:11:46,416] multiqc                                            [DEBUG  ]  File ignored by ccs/v4 because it exceeded search pattern filesize limit: trimmed_439_S4_R2_001_fastqc.html
[2025-03-31 15:11:46,417] multiqc                                            [DEBUG  ]  File ignored by hicexplorer because it exceeded search pattern filesize limit: trimmed_439_S4_R2_001_fastqc.html
[2025-03-31 15:11:46,417] multiqc                                            [DEBUG  ]  File ignored by lima/summary because it exceeded search pattern filesize limit: trimmed_439_S4_R2_001_fastqc.html
[2025-03-31 15:11:46,419] multiqc                                            [DEBUG  ]  File ignored by vep/vep_txt because it exceeded search pattern filesize limit: trimmed_439_S4_R2_001_fastqc.html
[2025-03-31 15:11:46,420] multiqc                                            [DEBUG  ]  File ignored by longranger/invocation because it exceeded search pattern filesize limit: trimmed_439_S4_R2_001_fastqc.html
[2025-03-31 15:11:46,420] multiqc                                            [DEBUG  ]  File ignored by rockhopper because it exceeded search pattern filesize limit: trimmed_439_S4_R2_001_fastqc.html
[2025-03-31 15:11:46,420] multiqc                                            [DEBUG  ]  File ignored by rseqc/bam_stat because it exceeded search pattern filesize limit: trimmed_439_S4_R2_001_fastqc.html
[2025-03-31 15:11:46,420] multiqc                                            [DEBUG  ]  File ignored by rseqc/junction_annotation because it exceeded search pattern filesize limit: trimmed_439_S4_R2_001_fastqc.html
[2025-03-31 15:11:46,420] multiqc                                            [DEBUG  ]  File ignored by rseqc/read_distribution because it exceeded search pattern filesize limit: trimmed_439_S4_R2_001_fastqc.html
[2025-03-31 15:11:46,420] multiqc                                            [DEBUG  ]  File ignored by rseqc/infer_experiment because it exceeded search pattern filesize limit: trimmed_439_S4_R2_001_fastqc.html
[2025-03-31 15:11:46,446] multiqc                                            [DEBUG  ]  File ignored by nanostat because it exceeded search pattern filesize limit: trimmed_439_S4_R2_001_fastqc.html
[2025-03-31 15:11:46,451] multiqc                                            [DEBUG  ]  File ignored by ccs/v4 because it exceeded search pattern filesize limit: trimmed_467_S5_R1_001_fastqc.html
[2025-03-31 15:11:46,452] multiqc                                            [DEBUG  ]  File ignored by hicexplorer because it exceeded search pattern filesize limit: trimmed_467_S5_R1_001_fastqc.html
[2025-03-31 15:11:46,453] multiqc                                            [DEBUG  ]  File ignored by lima/summary because it exceeded search pattern filesize limit: trimmed_467_S5_R1_001_fastqc.html
[2025-03-31 15:11:46,455] multiqc                                            [DEBUG  ]  File ignored by vep/vep_txt because it exceeded search pattern filesize limit: trimmed_467_S5_R1_001_fastqc.html
[2025-03-31 15:11:46,455] multiqc                                            [DEBUG  ]  File ignored by longranger/invocation because it exceeded search pattern filesize limit: trimmed_467_S5_R1_001_fastqc.html
[2025-03-31 15:11:46,455] multiqc                                            [DEBUG  ]  File ignored by rockhopper because it exceeded search pattern filesize limit: trimmed_467_S5_R1_001_fastqc.html
[2025-03-31 15:11:46,455] multiqc                                            [DEBUG  ]  File ignored by rseqc/bam_stat because it exceeded search pattern filesize limit: trimmed_467_S5_R1_001_fastqc.html
[2025-03-31 15:11:46,455] multiqc                                            [DEBUG  ]  File ignored by rseqc/junction_annotation because it exceeded search pattern filesize limit: trimmed_467_S5_R1_001_fastqc.html
[2025-03-31 15:11:46,455] multiqc                                            [DEBUG  ]  File ignored by rseqc/read_distribution because it exceeded search pattern filesize limit: trimmed_467_S5_R1_001_fastqc.html
[2025-03-31 15:11:46,455] multiqc                                            [DEBUG  ]  File ignored by rseqc/infer_experiment because it exceeded search pattern filesize limit: trimmed_467_S5_R1_001_fastqc.html
[2025-03-31 15:11:46,482] multiqc                                            [DEBUG  ]  File ignored by nanostat because it exceeded search pattern filesize limit: trimmed_467_S5_R1_001_fastqc.html
[2025-03-31 15:11:46,487] multiqc                                            [DEBUG  ]  File ignored by ccs/v4 because it exceeded search pattern filesize limit: trimmed_467_S5_R2_001_fastqc.html
[2025-03-31 15:11:46,488] multiqc                                            [DEBUG  ]  File ignored by hicexplorer because it exceeded search pattern filesize limit: trimmed_467_S5_R2_001_fastqc.html
[2025-03-31 15:11:46,488] multiqc                                            [DEBUG  ]  File ignored by lima/summary because it exceeded search pattern filesize limit: trimmed_467_S5_R2_001_fastqc.html
[2025-03-31 15:11:46,490] multiqc                                            [DEBUG  ]  File ignored by vep/vep_txt because it exceeded search pattern filesize limit: trimmed_467_S5_R2_001_fastqc.html
[2025-03-31 15:11:46,491] multiqc                                            [DEBUG  ]  File ignored by longranger/invocation because it exceeded search pattern filesize limit: trimmed_467_S5_R2_001_fastqc.html
[2025-03-31 15:11:46,491] multiqc                                            [DEBUG  ]  File ignored by rockhopper because it exceeded search pattern filesize limit: trimmed_467_S5_R2_001_fastqc.html
[2025-03-31 15:11:46,491] multiqc                                            [DEBUG  ]  File ignored by rseqc/bam_stat because it exceeded search pattern filesize limit: trimmed_467_S5_R2_001_fastqc.html
[2025-03-31 15:11:46,491] multiqc                                            [DEBUG  ]  File ignored by rseqc/junction_annotation because it exceeded search pattern filesize limit: trimmed_467_S5_R2_001_fastqc.html
[2025-03-31 15:11:46,491] multiqc                                            [DEBUG  ]  File ignored by rseqc/read_distribution because it exceeded search pattern filesize limit: trimmed_467_S5_R2_001_fastqc.html
[2025-03-31 15:11:46,491] multiqc                                            [DEBUG  ]  File ignored by rseqc/infer_experiment because it exceeded search pattern filesize limit: trimmed_467_S5_R2_001_fastqc.html
[2025-03-31 15:11:46,516] multiqc                                            [DEBUG  ]  File ignored by nanostat because it exceeded search pattern filesize limit: trimmed_467_S5_R2_001_fastqc.html
[2025-03-31 15:11:48,203] multiqc.plots.linegraph                            [DEBUG  ]  Using matplotlib version 3.4.3
[2025-03-31 15:11:48,208] multiqc.plots.bargraph                             [DEBUG  ]  Using matplotlib version 3.4.3
[2025-03-31 15:11:49,155] multiqc.modules.fastqc.fastqc                      [INFO   ]  Found 10 reports
[2025-03-31 15:11:49,259] multiqc                                            [INFO   ]  Compressing plot data
[2025-03-31 15:11:49,403] multiqc                                            [INFO   ]  Report      : multiqc_report.html
[2025-03-31 15:11:49,403] multiqc                                            [INFO   ]  Data        : multiqc_data
[2025-03-31 15:11:49,403] multiqc                                            [DEBUG  ]  Moving data file from '/tmp/tmpcw0ad6at/multiqc_data' to '/scratch3/workspace/zdellaert_uri_edu-deep_dive/deep-dive-expression/D-Apul/output/01.00-D-Apul-WGBS-trimming-cutadapt-FastQC-MultiQC/trimmed_qc/multiqc_data'
[2025-03-31 15:11:49,735] multiqc                                            [INFO   ]  MultiQC complete
